<?xml version="1.0" encoding="UTF-8"?>
<!-- Generated by org.testng.reporters.JUnitReportReporter -->
<testsuite skipped="0" hostname="LAPTOP-0EG0DAL0" name="com.qa.opencart.tests.AccountsPageTest" tests="9" failures="0" timestamp="2023-12-02T21:05:53 IST" time="2.295" errors="0">
  <testcase name="titleTest" time="0.022" classname="com.qa.opencart.tests.AccountsPageTest"/>
  <system-out/>
  <testcase name="urlTest" time="0.017" classname="com.qa.opencart.tests.AccountsPageTest"/>
  <system-out/>
  <testcase name="logoutLinkPresentTest" time="0.143" classname="com.qa.opencart.tests.AccountsPageTest"/>
  <system-out/>
  <testcase name="searchBoxPresentTest" time="0.027" classname="com.qa.opencart.tests.AccountsPageTest"/>
  <system-out/>
  <testcase name="searchButtonPresentTest" time="0.025" classname="com.qa.opencart.tests.AccountsPageTest"/>
  <system-out/>
  <testcase name="accSecHeadersPresentTest" time="0.108" classname="com.qa.opencart.tests.AccountsPageTest"/>
  <system-out/>
  <testcase name="searchProductTest" time="0.613" classname="com.qa.opencart.tests.AccountsPageTest"/>
  <system-out/>
  <testcase name="searchProductTest" time="0.679" classname="com.qa.opencart.tests.AccountsPageTest"/>
  <system-out/>
  <testcase name="searchProductTest" time="0.661" classname="com.qa.opencart.tests.AccountsPageTest"/>
  <system-out/>
</testsuite> <!-- com.qa.opencart.tests.AccountsPageTest -->
