<?xml version="1.0" encoding="UTF-8"?>
<!-- Generated by org.testng.reporters.JUnitReportReporter -->
<testsuite skipped="0" hostname="LAPTOP-0EG0DAL0" name="com.qa.opencart.tests.ProductPageInfoTest" tests="7" failures="0" timestamp="2023-12-07T00:35:06 IST" time="45.886" errors="0">
  <testcase name="imageCountTest" time="6.934" classname="com.qa.opencart.tests.ProductPageInfoTest"/>
  <system-out/>
  <testcase name="imageCountTest" time="7.037" classname="com.qa.opencart.tests.ProductPageInfoTest"/>
  <system-out/>
  <testcase name="headerTest" time="5.813" classname="com.qa.opencart.tests.ProductPageInfoTest"/>
  <system-out/>
  <testcase name="imageCountTest" time="5.733" classname="com.qa.opencart.tests.ProductPageInfoTest"/>
  <system-out/>
  <testcase name="headerTest" time="7.244" classname="com.qa.opencart.tests.ProductPageInfoTest"/>
  <system-out/>
  <testcase name="productMetaDataTest" time="6.857" classname="com.qa.opencart.tests.ProductPageInfoTest"/>
  <system-out/>
  <testcase name="headerTest" time="6.268" classname="com.qa.opencart.tests.ProductPageInfoTest"/>
  <system-out/>
</testsuite> <!-- com.qa.opencart.tests.ProductPageInfoTest -->
