<?xml version="1.0" encoding="UTF-8"?>
<!-- Generated by org.testng.reporters.JUnitReportReporter -->
<testsuite skipped="0" hostname="LAPTOP-0EG0DAL0" name="com.qa.opencart.tests.LoginPageTest" tests="4" failures="0" timestamp="2023-12-02T00:04:28 IST" time="1.246" errors="0">
  <testcase name="titleTest" time="0.051" classname="com.qa.opencart.tests.LoginPageTest"/>
  <system-out/>
  <testcase name="urlTest" time="0.016" classname="com.qa.opencart.tests.LoginPageTest"/>
  <system-out/>
  <testcase name="forgotPwdLinkPresentTest" time="0.123" classname="com.qa.opencart.tests.LoginPageTest"/>
  <system-out/>
  <testcase name="loginTest" time="1.056" classname="com.qa.opencart.tests.LoginPageTest"/>
  <system-out/>
</testsuite> <!-- com.qa.opencart.tests.LoginPageTest -->
